# JRE version: OpenJDK Runtime Environment (8.0_382-b05) (build 1.8.0_382-b05)
# Java VM: OpenJDK 64-Bit Server VM (25.382-b05 mixed mode windows-amd64 compressed oops)
Heap:
 PSYoungGen      total 394752K, used 133527K [0x00000000d6300000, 0x00000000f9780000, 0x0000000100000000)
  eden space 242176K, 35% used [0x00000000d6300000,0x00000000db760d70,0x00000000e4f80000)
  from space 152576K, 30% used [0x00000000f0280000,0x00000000f3084f60,0x00000000f9780000)
  to   space 167936K, 0% used [0x00000000e4f80000,0x00000000e4f80000,0x00000000ef380000)
 ParOldGen       total 499712K, used 313556K [0x0000000082800000, 0x00000000a1000000, 0x00000000d6300000)
  object space 499712K, 62% used [0x0000000082800000,0x0000000095a350a0,0x00000000a1000000)
 Metaspace       used 17402K, capacity 17720K, committed 17792K, reserved 1064960K
  class space    used 1981K, capacity 2128K, committed 2176K, reserved 1048576K
GC Heap History (10 events):
Event: 18.144 GC heap before
{Heap before GC invocations=13 (full 2):
 PSYoungGen      total 289792K, used 277755K [0x00000000d6300000, 0x00000000f7700000, 0x0000000100000000)
  eden space 190976K, 100% used [0x00000000d6300000,0x00000000e1d80000,0x00000000e1d80000)
  from space 98816K, 87% used [0x00000000e9b80000,0x00000000ef03ed60,0x00000000efc00000)
  to   space 129024K, 0% used [0x00000000e1d80000,0x00000000e1d80000,0x00000000e9b80000)
 ParOldGen       total 313856K, used 174622K [0x0000000082800000, 0x0000000095a80000, 0x00000000d6300000)
  object space 313856K, 55% used [0x0000000082800000,0x000000008d287b28,0x0000000095a80000)
 Metaspace       used 15440K, capacity 15768K, committed 15872K, reserved 1062912K
  class space    used 1840K, capacity 1968K, committed 2048K, reserved 1048576K
Event: 18.282 GC heap after
Heap after GC invocations=13 (full 2):
 PSYoungGen      total 320000K, used 90428K [0x00000000d6300000, 0x00000000f5000000, 0x0000000100000000)
  eden space 190976K, 0% used [0x00000000d6300000,0x00000000d6300000,0x00000000e1d80000)
  from space 129024K, 70% used [0x00000000e1d80000,0x00000000e75cf2b8,0x00000000e9b80000)
  to   space 137216K, 0% used [0x00000000eca00000,0x00000000eca00000,0x00000000f5000000)
 ParOldGen       total 313856K, used 200308K [0x0000000082800000, 0x0000000095a80000, 0x00000000d6300000)
  object space 313856K, 63% used [0x0000000082800000,0x000000008eb9d0f0,0x0000000095a80000)
 Metaspace       used 15440K, capacity 15768K, committed 15872K, reserved 1062912K
  class space    used 1840K, capacity 1968K, committed 2048K, reserved 1048576K
}
Event: 19.806 GC heap before
{Heap before GC invocations=14 (full 2):
 PSYoungGen      total 320000K, used 281404K [0x00000000d6300000, 0x00000000f5000000, 0x0000000100000000)
  eden space 190976K, 100% used [0x00000000d6300000,0x00000000e1d80000,0x00000000e1d80000)
  from space 129024K, 70% used [0x00000000e1d80000,0x00000000e75cf2b8,0x00000000e9b80000)
  to   space 137216K, 0% used [0x00000000eca00000,0x00000000eca00000,0x00000000f5000000)
 ParOldGen       total 313856K, used 200308K [0x0000000082800000, 0x0000000095a80000, 0x00000000d6300000)
  object space 313856K, 63% used [0x0000000082800000,0x000000008eb9d0f0,0x0000000095a80000)
 Metaspace       used 15444K, capacity 15768K, committed 15872K, reserved 1062912K
  class space    used 1840K, capacity 1968K, committed 2048K, reserved 1048576K
Event: 19.956 GC heap after
Heap after GC invocations=14 (full 2):
 PSYoungGen      total 342016K, used 137215K [0x00000000d6300000, 0x00000000f8180000, 0x0000000100000000)
  eden space 204800K, 0% used [0x00000000d6300000,0x00000000d6300000,0x00000000e2b00000)
  from space 137216K, 99% used [0x00000000eca00000,0x00000000f4ffff50,0x00000000f5000000)
  to   space 162816K, 0% used [0x00000000e2b00000,0x00000000e2b00000,0x00000000eca00000)
 ParOldGen       total 313856K, used 206803K [0x0000000082800000, 0x0000000095a80000, 0x00000000d6300000)
  object space 313856K, 65% used [0x0000000082800000,0x000000008f1f4c78,0x0000000095a80000)
 Metaspace       used 15444K, capacity 15768K, committed 15872K, reserved 1062912K
  class space    used 1840K, capacity 1968K, committed 2048K, reserved 1048576K
}
Event: 21.247 GC heap before
{Heap before GC invocations=15 (full 2):
 PSYoungGen      total 342016K, used 342015K [0x00000000d6300000, 0x00000000f8180000, 0x0000000100000000)
  eden space 204800K, 100% used [0x00000000d6300000,0x00000000e2b00000,0x00000000e2b00000)
  from space 137216K, 99% used [0x00000000eca00000,0x00000000f4ffff50,0x00000000f5000000)
  to   space 162816K, 0% used [0x00000000e2b00000,0x00000000e2b00000,0x00000000eca00000)
 ParOldGen       total 313856K, used 206803K [0x0000000082800000, 0x0000000095a80000, 0x00000000d6300000)
  object space 313856K, 65% used [0x0000000082800000,0x000000008f1f4c78,0x0000000095a80000)
 Metaspace       used 15481K, capacity 15768K, committed 15872K, reserved 1062912K
  class space    used 1840K, capacity 1968K, committed 2048K, reserved 1048576K
Event: 21.474 GC heap after
Heap after GC invocations=15 (full 2):
 PSYoungGen      total 367616K, used 122355K [0x00000000d6300000, 0x00000000fae00000, 0x0000000100000000)
  eden space 204800K, 0% used [0x00000000d6300000,0x00000000d6300000,0x00000000e2b00000)
  from space 162816K, 75% used [0x00000000e2b00000,0x00000000ea27cda8,0x00000000eca00000)
  to   space 175616K, 0% used [0x00000000f0280000,0x00000000f0280000,0x00000000fae00000)
 ParOldGen       total 313856K, used 264833K [0x0000000082800000, 0x0000000095a80000, 0x00000000d6300000)
  object space 313856K, 84% used [0x0000000082800000,0x0000000092aa0520,0x0000000095a80000)
 Metaspace       used 15481K, capacity 15768K, committed 15872K, reserved 1062912K
  class space    used 1840K, capacity 1968K, committed 2048K, reserved 1048576K
}
Event: 21.474 GC heap before
{Heap before GC invocations=16 (full 3):
 PSYoungGen      total 367616K, used 122355K [0x00000000d6300000, 0x00000000fae00000, 0x0000000100000000)
  eden space 204800K, 0% used [0x00000000d6300000,0x00000000d6300000,0x00000000e2b00000)
  from space 162816K, 75% used [0x00000000e2b00000,0x00000000ea27cda8,0x00000000eca00000)
  to   space 175616K, 0% used [0x00000000f0280000,0x00000000f0280000,0x00000000fae00000)
 ParOldGen       total 313856K, used 264833K [0x0000000082800000, 0x0000000095a80000, 0x00000000d6300000)
  object space 313856K, 84% used [0x0000000082800000,0x0000000092aa0520,0x0000000095a80000)
 Metaspace       used 15481K, capacity 15768K, committed 15872K, reserved 1062912K
  class space    used 1840K, capacity 1968K, committed 2048K, reserved 1048576K
Event: 23.275 GC heap after
Heap after GC invocations=16 (full 3):
 PSYoungGen      total 367616K, used 30455K [0x00000000d6300000, 0x00000000fae00000, 0x0000000100000000)
  eden space 204800K, 0% used [0x00000000d6300000,0x00000000d6300000,0x00000000e2b00000)
  from space 162816K, 18% used [0x00000000e2b00000,0x00000000e48bdfb8,0x00000000eca00000)
  to   space 175616K, 0% used [0x00000000f0280000,0x00000000f0280000,0x00000000fae00000)
 ParOldGen       total 499712K, used 313556K [0x0000000082800000, 0x00000000a1000000, 0x00000000d6300000)
  object space 499712K, 62% used [0x0000000082800000,0x0000000095a350a0,0x00000000a1000000)
 Metaspace       used 15481K, capacity 15768K, committed 15872K, reserved 1062912K
  class space    used 1840K, capacity 1968K, committed 2048K, reserved 1048576K
}
Event: 26.081 GC heap before
{Heap before GC invocations=17 (full 3):
 PSYoungGen      total 367616K, used 235255K [0x00000000d6300000, 0x00000000fae00000, 0x0000000100000000)
  eden space 204800K, 100% used [0x00000000d6300000,0x00000000e2b00000,0x00000000e2b00000)
  from space 162816K, 18% used [0x00000000e2b00000,0x00000000e48bdfb8,0x00000000eca00000)
  to   space 175616K, 0% used [0x00000000f0280000,0x00000000f0280000,0x00000000fae00000)
 ParOldGen       total 499712K, used 313556K [0x0000000082800000, 0x00000000a1000000, 0x00000000d6300000)
  object space 499712K, 62% used [0x0000000082800000,0x0000000095a350a0,0x00000000a1000000)
 Metaspace       used 17223K, capacity 17592K, committed 17792K, reserved 1064960K
  class space    used 1976K, capacity 2128K, committed 2176K, reserved 1048576K
Event: 26.224 GC heap after
Heap after GC invocations=17 (full 3):
 PSYoungGen      total 394752K, used 47123K [0x00000000d6300000, 0x00000000f9780000, 0x0000000100000000)
  eden space 242176K, 0% used [0x00000000d6300000,0x00000000d6300000,0x00000000e4f80000)
  from space 152576K, 30% used [0x00000000f0280000,0x00000000f3084f60,0x00000000f9780000)
  to   space 167936K, 0% used [0x00000000e4f80000,0x00000000e4f80000,0x00000000ef380000)
 ParOldGen       total 499712K, used 313556K [0x0000000082800000, 0x00000000a1000000, 0x00000000d6300000)
  object space 499712K, 62% used [0x0000000082800000,0x0000000095a350a0,0x00000000a1000000)
 Metaspace       used 17223K, capacity 17592K, committed 17792K, reserved 1064960K
  class space    used 1976K, capacity 2128K, committed 2176K, reserved 1048576K
}

