# JRE version: OpenJDK Runtime Environment (8.0_382-b05) (build 1.8.0_382-b05)
# Java VM: OpenJDK 64-Bit Server VM (25.382-b05 mixed mode windows-amd64 compressed oops)
Heap:
 PSYoungGen      total 202240K, used 44663K [0x00000000d5580000, 0x00000000e6f80000, 0x0000000100000000)
  eden space 187904K, 16% used [0x00000000d5580000,0x00000000d731fe50,0x00000000e0d00000)
  from space 14336K, 99% used [0x00000000e0d00000,0x00000000e1afdf50,0x00000000e1b00000)
  to   space 17408K, 0% used [0x00000000e5e80000,0x00000000e5e80000,0x00000000e6f80000)
 ParOldGen       total 104960K, used 18214K [0x0000000080000000, 0x0000000086680000, 0x00000000d5580000)
  object space 104960K, 17% used [0x0000000080000000,0x00000000811c9b40,0x0000000086680000)
 Metaspace       used 45877K, capacity 46694K, committed 46976K, reserved 1089536K
  class space    used 6450K, capacity 6701K, committed 6784K, reserved 1048576K
GC Heap History (10 events):
Event: 5.730 GC heap before
{Heap before GC invocations=5 (full 1):
 PSYoungGen      total 136192K, used 5104K [0x00000000d5580000, 0x00000000ddf80000, 0x0000000100000000)
  eden space 131072K, 0% used [0x00000000d5580000,0x00000000d5580000,0x00000000dd580000)
  from space 5120K, 99% used [0x00000000dda80000,0x00000000ddf7c040,0x00000000ddf80000)
  to   space 5120K, 0% used [0x00000000dd580000,0x00000000dd580000,0x00000000dda80000)
 ParOldGen       total 86016K, used 9449K [0x0000000080000000, 0x0000000085400000, 0x00000000d5580000)
  object space 86016K, 10% used [0x0000000080000000,0x000000008093a778,0x0000000085400000)
 Metaspace       used 20906K, capacity 21146K, committed 21296K, reserved 1067008K
  class space    used 3001K, capacity 3138K, committed 3200K, reserved 1048576K
Event: 5.817 GC heap after
Heap after GC invocations=5 (full 1):
 PSYoungGen      total 136192K, used 0K [0x00000000d5580000, 0x00000000ddf80000, 0x0000000100000000)
  eden space 131072K, 0% used [0x00000000d5580000,0x00000000d5580000,0x00000000dd580000)
  from space 5120K, 0% used [0x00000000dda80000,0x00000000dda80000,0x00000000ddf80000)
  to   space 5120K, 0% used [0x00000000dd580000,0x00000000dd580000,0x00000000dda80000)
 ParOldGen       total 65536K, used 9317K [0x0000000080000000, 0x0000000084000000, 0x00000000d5580000)
  object space 65536K, 14% used [0x0000000080000000,0x00000000809197c0,0x0000000084000000)
 Metaspace       used 20906K, capacity 21146K, committed 21296K, reserved 1067008K
  class space    used 3001K, capacity 3138K, committed 3200K, reserved 1048576K
}
Event: 9.240 GC heap before
{Heap before GC invocations=6 (full 1):
 PSYoungGen      total 136192K, used 131072K [0x00000000d5580000, 0x00000000ddf80000, 0x0000000100000000)
  eden space 131072K, 100% used [0x00000000d5580000,0x00000000dd580000,0x00000000dd580000)
  from space 5120K, 0% used [0x00000000dda80000,0x00000000dda80000,0x00000000ddf80000)
  to   space 5120K, 0% used [0x00000000dd580000,0x00000000dd580000,0x00000000dda80000)
 ParOldGen       total 65536K, used 9317K [0x0000000080000000, 0x0000000084000000, 0x00000000d5580000)
  object space 65536K, 14% used [0x0000000080000000,0x00000000809197c0,0x0000000084000000)
 Metaspace       used 31285K, capacity 31724K, committed 32000K, reserved 1077248K
  class space    used 4383K, capacity 4559K, committed 4608K, reserved 1048576K
Event: 9.256 GC heap after
Heap after GC invocations=6 (full 1):
 PSYoungGen      total 136192K, used 5113K [0x00000000d5580000, 0x00000000e2d80000, 0x0000000100000000)
  eden space 131072K, 0% used [0x00000000d5580000,0x00000000d5580000,0x00000000dd580000)
  from space 5120K, 99% used [0x00000000dd580000,0x00000000dda7e698,0x00000000dda80000)
  to   space 15360K, 0% used [0x00000000e1e80000,0x00000000e1e80000,0x00000000e2d80000)
 ParOldGen       total 65536K, used 17408K [0x0000000080000000, 0x0000000084000000, 0x00000000d5580000)
  object space 65536K, 26% used [0x0000000080000000,0x0000000081100370,0x0000000084000000)
 Metaspace       used 31285K, capacity 31724K, committed 32000K, reserved 1077248K
  class space    used 4383K, capacity 4559K, committed 4608K, reserved 1048576K
}
Event: 10.477 GC heap before
{Heap before GC invocations=7 (full 1):
 PSYoungGen      total 136192K, used 29486K [0x00000000d5580000, 0x00000000e2d80000, 0x0000000100000000)
  eden space 131072K, 18% used [0x00000000d5580000,0x00000000d6d4d3e8,0x00000000dd580000)
  from space 5120K, 99% used [0x00000000dd580000,0x00000000dda7e698,0x00000000dda80000)
  to   space 15360K, 0% used [0x00000000e1e80000,0x00000000e1e80000,0x00000000e2d80000)
 ParOldGen       total 65536K, used 17408K [0x0000000080000000, 0x0000000084000000, 0x00000000d5580000)
  object space 65536K, 26% used [0x0000000080000000,0x0000000081100370,0x0000000084000000)
 Metaspace       used 34874K, capacity 35308K, committed 35496K, reserved 1079296K
  class space    used 4879K, capacity 5047K, committed 5120K, reserved 1048576K
Event: 10.487 GC heap after
Heap after GC invocations=7 (full 1):
 PSYoungGen      total 198656K, used 7942K [0x00000000d5580000, 0x00000000e2900000, 0x0000000100000000)
  eden space 187904K, 0% used [0x00000000d5580000,0x00000000d5580000,0x00000000e0d00000)
  from space 10752K, 73% used [0x00000000e1e80000,0x00000000e2641a80,0x00000000e2900000)
  to   space 14336K, 0% used [0x00000000e0d00000,0x00000000e0d00000,0x00000000e1b00000)
 ParOldGen       total 65536K, used 17416K [0x0000000080000000, 0x0000000084000000, 0x00000000d5580000)
  object space 65536K, 26% used [0x0000000080000000,0x0000000081102370,0x0000000084000000)
 Metaspace       used 34874K, capacity 35308K, committed 35496K, reserved 1079296K
  class space    used 4879K, capacity 5047K, committed 5120K, reserved 1048576K
}
Event: 10.487 GC heap before
{Heap before GC invocations=8 (full 2):
 PSYoungGen      total 198656K, used 7942K [0x00000000d5580000, 0x00000000e2900000, 0x0000000100000000)
  eden space 187904K, 0% used [0x00000000d5580000,0x00000000d5580000,0x00000000e0d00000)
  from space 10752K, 73% used [0x00000000e1e80000,0x00000000e2641a80,0x00000000e2900000)
  to   space 14336K, 0% used [0x00000000e0d00000,0x00000000e0d00000,0x00000000e1b00000)
 ParOldGen       total 65536K, used 17416K [0x0000000080000000, 0x0000000084000000, 0x00000000d5580000)
  object space 65536K, 26% used [0x0000000080000000,0x0000000081102370,0x0000000084000000)
 Metaspace       used 34874K, capacity 35308K, committed 35496K, reserved 1079296K
  class space    used 4879K, capacity 5047K, committed 5120K, reserved 1048576K
Event: 10.576 GC heap after
Heap after GC invocations=8 (full 2):
 PSYoungGen      total 198656K, used 0K [0x00000000d5580000, 0x00000000e2900000, 0x0000000100000000)
  eden space 187904K, 0% used [0x00000000d5580000,0x00000000d5580000,0x00000000e0d00000)
  from space 10752K, 0% used [0x00000000e1e80000,0x00000000e1e80000,0x00000000e2900000)
  to   space 14336K, 0% used [0x00000000e0d00000,0x00000000e0d00000,0x00000000e1b00000)
 ParOldGen       total 104960K, used 16096K [0x0000000080000000, 0x0000000086680000, 0x00000000d5580000)
  object space 104960K, 15% used [0x0000000080000000,0x0000000080fb81f0,0x0000000086680000)
 Metaspace       used 34874K, capacity 35308K, committed 35496K, reserved 1079296K
  class space    used 4879K, capacity 5047K, committed 5120K, reserved 1048576K
}
Event: 46.036 GC heap before
{Heap before GC invocations=9 (full 2):
 PSYoungGen      total 198656K, used 187904K [0x00000000d5580000, 0x00000000e2900000, 0x0000000100000000)
  eden space 187904K, 100% used [0x00000000d5580000,0x00000000e0d00000,0x00000000e0d00000)
  from space 10752K, 0% used [0x00000000e1e80000,0x00000000e1e80000,0x00000000e2900000)
  to   space 14336K, 0% used [0x00000000e0d00000,0x00000000e0d00000,0x00000000e1b00000)
 ParOldGen       total 104960K, used 16096K [0x0000000080000000, 0x0000000086680000, 0x00000000d5580000)
  object space 104960K, 15% used [0x0000000080000000,0x0000000080fb81f0,0x0000000086680000)
 Metaspace       used 45480K, capacity 46266K, committed 46592K, reserved 1089536K
  class space    used 6386K, capacity 6613K, committed 6656K, reserved 1048576K
Event: 46.102 GC heap after
Heap after GC invocations=9 (full 2):
 PSYoungGen      total 202240K, used 14327K [0x00000000d5580000, 0x00000000e6f80000, 0x0000000100000000)
  eden space 187904K, 0% used [0x00000000d5580000,0x00000000d5580000,0x00000000e0d00000)
  from space 14336K, 99% used [0x00000000e0d00000,0x00000000e1afdf50,0x00000000e1b00000)
  to   space 17408K, 0% used [0x00000000e5e80000,0x00000000e5e80000,0x00000000e6f80000)
 ParOldGen       total 104960K, used 18214K [0x0000000080000000, 0x0000000086680000, 0x00000000d5580000)
  object space 104960K, 17% used [0x0000000080000000,0x00000000811c9b40,0x0000000086680000)
 Metaspace       used 45480K, capacity 46266K, committed 46592K, reserved 1089536K
  class space    used 6386K, capacity 6613K, committed 6656K, reserved 1048576K
}

